<?xml version="1.0" encoding="UTF-8"?>
<testsuite name="FlashcardsTest" tests="1" skipped="0" failures="0" errors="0" timestamp="2025-01-03T22:15:55" hostname="C13354" time="0.068">
  <properties/>
  <testcase name="start" classname="FlashcardsTest" time="0.068"/>
  <system-out><![CDATA[?[1;31m
Start test 1?[0m
> print()
> outputs text
> outputs text
Your answer is right!
?[1;31m
Start test 2?[0m
> Dog
> A barking animal
> A barking animal
Your answer is right!
?[1;31m
Start test 3?[0m
> Jetbrains
> A place for people who love to code
> A place for people who hate to code
Your answer is wrong...
?[1;31m
Start test 4?[0m
> Cat
> A barking animal
> A purring animal
Your answer is wrong...
]]></system-out>
  <system-err><![CDATA[]]></system-err>
</testsuite>
